============================= test session starts ==============================
platform darwin -- Python 3.14.4, pytest-9.0.3, pluggy-1.6.0 -- /Users/jtenniswood/Git/notes-exporter/.venv/bin/python
cachedir: .pytest_cache
rootdir: /Users/jtenniswood/Git/notes-exporter
configfile: pytest.ini
collecting ... collected 275 items / 144 deselected / 131 selected

tests/test_cli_options.py::TestBooleanFlagOptions::test_flag_without_value_sets_true[--convert-markdown-NOTES_EXPORT_CONVERT_TO_MARKDOWN] PASSED [  0%]
tests/test_cli_options.py::TestBooleanFlagOptions::test_flag_without_value_sets_true[--convert-pdf-NOTES_EXPORT_CONVERT_TO_PDF] PASSED [  1%]
tests/test_cli_options.py::TestBooleanFlagOptions::test_flag_without_value_sets_true[--convert-word-NOTES_EXPORT_CONVERT_TO_WORD] PASSED [  2%]
tests/test_cli_options.py::TestBooleanFlagOptions::test_flag_without_value_sets_true[--extract-images-NOTES_EXPORT_EXTRACT_IMAGES] PASSED [  3%]
tests/test_cli_options.py::TestBooleanFlagOptions::test_flag_without_value_sets_true[--extract-data-NOTES_EXPORT_EXTRACT_DATA] PASSED [  3%]
tests/test_cli_options.py::TestBooleanFlagOptions::test_flag_without_value_sets_true[--export-text-NOTES_EXPORT_EXPORT_TEXT] PASSED [  4%]
tests/test_cli_options.py::TestBooleanFlagOptions::test_flag_without_value_sets_true[--suppress-header-pdf-NOTES_EXPORT_SUPPRESS_CHROME_HEADER_PDF] PASSED [  5%]
tests/test_cli_options.py::TestBooleanFlagOptions::test_flag_without_value_sets_true[--use-subdirs-NOTES_EXPORT_USE_SUBDIRS] PASSED [  6%]
tests/test_cli_options.py::TestBooleanFlagOptions::test_flag_without_value_sets_true[--update-all-NOTES_EXPORT_UPDATE_ALL] PASSED [  6%]
tests/test_cli_options.py::TestBooleanFlagOptions::test_flag_without_value_sets_true[--include-deleted-NOTES_EXPORT_INCLUDE_DELETED] PASSED [  7%]
tests/test_cli_options.py::TestBooleanFlagOptions::test_flag_without_value_sets_true[--set-file-dates-NOTES_EXPORT_SET_FILE_DATES] PASSED [  8%]
tests/test_cli_options.py::TestBooleanFlagOptions::test_flag_without_value_sets_true[--remove-conda-env-NOTES_EXPORT_REMOVE_VENV] PASSED [  9%]
tests/test_cli_options.py::TestBooleanFlagOptions::test_flag_without_value_sets_true[--remove-venv-NOTES_EXPORT_REMOVE_VENV] PASSED [  9%]
tests/test_cli_options.py::TestBooleanFlagOptions::test_flag_without_value_sets_true[--clean-NOTES_EXPORT_CLEAN] PASSED [ 10%]
tests/test_cli_options.py::TestBooleanFlagOptions::test_flag_without_value_sets_true[--sync-NOTES_EXPORT_SYNC] PASSED [ 11%]
tests/test_cli_options.py::TestBooleanFlagOptions::test_flag_without_value_sets_true[--sync-only-NOTES_EXPORT_SYNC_ONLY] PASSED [ 12%]
tests/test_cli_options.py::TestBooleanFlagOptions::test_flag_without_value_sets_true[--sync-dry-run-NOTES_EXPORT_SYNC_DRY_RUN] PASSED [ 12%]
tests/test_cli_options.py::TestBooleanFlagOptions::test_flag_without_value_sets_true[--create-new-NOTES_EXPORT_CREATE_NEW] PASSED [ 13%]
tests/test_cli_options.py::TestBooleanFlagOptions::test_flag_without_value_sets_true[--no-overwrite-NOTES_EXPORT_NO_OVERWRITE] PASSED [ 14%]
tests/test_cli_options.py::TestBooleanFlagOptions::test_flag_without_value_sets_true[--images-beside-docs-NOTES_EXPORT_IMAGES_BESIDE_DOCS] PASSED [ 15%]
tests/test_cli_options.py::TestBooleanFlagOptions::test_flag_without_value_sets_true[--note-folders-NOTES_EXPORT_NOTE_FOLDERS] PASSED [ 16%]
tests/test_cli_options.py::TestBooleanFlagOptions::test_flag_without_value_sets_true[--html-wrap-NOTES_EXPORT_HTML_WRAP] PASSED [ 16%]
tests/test_cli_options.py::TestBooleanFlagOptions::test_flag_without_value_sets_true[--dedup-images-NOTES_EXPORT_DEDUP_IMAGES] PASSED [ 17%]
tests/test_cli_options.py::TestBooleanFlagOptions::test_flag_without_value_sets_true[--extract-pdf-attachments-NOTES_EXPORT_EXTRACT_PDF_ATTACHMENTS] PASSED [ 18%]
tests/test_cli_options.py::TestBooleanFlagOptions::test_flag_with_explicit_true[--convert-markdown-NOTES_EXPORT_CONVERT_TO_MARKDOWN] PASSED [ 19%]
tests/test_cli_options.py::TestBooleanFlagOptions::test_flag_with_explicit_true[--convert-pdf-NOTES_EXPORT_CONVERT_TO_PDF] PASSED [ 19%]
tests/test_cli_options.py::TestBooleanFlagOptions::test_flag_with_explicit_true[--extract-images-NOTES_EXPORT_EXTRACT_IMAGES] PASSED [ 20%]
tests/test_cli_options.py::TestBooleanFlagOptions::test_flag_with_explicit_true[--extract-data-NOTES_EXPORT_EXTRACT_DATA] PASSED [ 21%]
tests/test_cli_options.py::TestBooleanFlagOptions::test_flag_with_explicit_true[--export-text-NOTES_EXPORT_EXPORT_TEXT] PASSED [ 22%]
tests/test_cli_options.py::TestBooleanFlagOptions::test_flag_with_explicit_true[--update-all-NOTES_EXPORT_UPDATE_ALL] PASSED [ 22%]
tests/test_cli_options.py::TestBooleanFlagOptions::test_flag_with_explicit_true[--set-file-dates-NOTES_EXPORT_SET_FILE_DATES] PASSED [ 23%]
tests/test_cli_options.py::TestBooleanFlagOptions::test_flag_with_explicit_true[--clean-NOTES_EXPORT_CLEAN] PASSED [ 24%]
tests/test_cli_options.py::TestBooleanFlagOptions::test_flag_with_explicit_true[--extract-pdf-attachments-NOTES_EXPORT_EXTRACT_PDF_ATTACHMENTS] PASSED [ 25%]
tests/test_cli_options.py::TestBooleanFlagOptions::test_flag_with_explicit_true[--note-folders-NOTES_EXPORT_NOTE_FOLDERS] PASSED [ 25%]
tests/test_cli_options.py::TestBooleanFlagOptions::test_flag_with_explicit_false[--convert-markdown-NOTES_EXPORT_CONVERT_TO_MARKDOWN] PASSED [ 26%]
tests/test_cli_options.py::TestBooleanFlagOptions::test_flag_with_explicit_false[--extract-images-NOTES_EXPORT_EXTRACT_IMAGES] PASSED [ 27%]
tests/test_cli_options.py::TestBooleanFlagOptions::test_flag_with_explicit_false[--extract-data-NOTES_EXPORT_EXTRACT_DATA] PASSED [ 28%]
tests/test_cli_options.py::TestBooleanFlagOptions::test_flag_with_explicit_false[--export-text-NOTES_EXPORT_EXPORT_TEXT] PASSED [ 29%]
tests/test_cli_options.py::TestBooleanFlagOptions::test_flag_with_explicit_false[--update-all-NOTES_EXPORT_UPDATE_ALL] PASSED [ 29%]
tests/test_cli_options.py::TestBooleanFlagOptions::test_flag_with_explicit_false[--set-file-dates-NOTES_EXPORT_SET_FILE_DATES] PASSED [ 30%]
tests/test_cli_options.py::TestBooleanFlagOptions::test_flag_with_explicit_false[--extract-pdf-attachments-NOTES_EXPORT_EXTRACT_PDF_ATTACHMENTS] PASSED [ 31%]
tests/test_cli_options.py::TestBooleanFlagOptions::test_flag_with_explicit_false[--note-folders-NOTES_EXPORT_NOTE_FOLDERS] PASSED [ 32%]
tests/test_cli_options.py::TestShortFormOptions::test_short_flag_sets_true[-m-NOTES_EXPORT_CONVERT_TO_MARKDOWN] PASSED [ 32%]
tests/test_cli_options.py::TestShortFormOptions::test_short_flag_sets_true[-p-NOTES_EXPORT_CONVERT_TO_PDF] PASSED [ 33%]
tests/test_cli_options.py::TestShortFormOptions::test_short_flag_sets_true[-w-NOTES_EXPORT_CONVERT_TO_WORD] PASSED [ 34%]
tests/test_cli_options.py::TestShortFormOptions::test_short_flag_sets_true[-i-NOTES_EXPORT_EXTRACT_IMAGES] PASSED [ 35%]
tests/test_cli_options.py::TestShortFormOptions::test_short_flag_sets_true[-d-NOTES_EXPORT_EXTRACT_DATA] PASSED [ 35%]
tests/test_cli_options.py::TestShortFormOptions::test_short_flag_sets_true[-U-NOTES_EXPORT_UPDATE_ALL] PASSED [ 36%]
tests/test_cli_options.py::TestShortFormOptions::test_short_flag_sets_true[-I-NOTES_EXPORT_INCLUDE_DELETED] PASSED [ 37%]
tests/test_cli_options.py::TestShortFormOptions::test_short_flag_sets_true[-D-NOTES_EXPORT_SET_FILE_DATES] PASSED [ 38%]
tests/test_cli_options.py::TestShortFormOptions::test_short_flag_sets_true[-C-NOTES_EXPORT_CLEAN] PASSED [ 38%]
tests/test_cli_options.py::TestShortFormOptions::test_short_flag_sets_true[-S-NOTES_EXPORT_SYNC] PASSED [ 39%]
tests/test_cli_options.py::TestShortFormOptions::test_short_flag_sets_true[-O-NOTES_EXPORT_NO_OVERWRITE] PASSED [ 40%]
tests/test_cli_options.py::TestValueOptions::test_root_dir PASSED        [ 41%]
tests/test_cli_options.py::TestValueOptions::test_note_limit PASSED      [ 41%]
tests/test_cli_options.py::TestValueOptions::test_note_limit_per_folder PASSED [ 42%]
tests/test_cli_options.py::TestValueOptions::test_note_pick_probability PASSED [ 43%]
tests/test_cli_options.py::TestValueOptions::test_filename_format PASSED [ 44%]
tests/test_cli_options.py::TestValueOptions::test_filter_accounts PASSED [ 45%]
tests/test_cli_options.py::TestValueOptions::test_filter_folders PASSED  [ 45%]
tests/test_cli_options.py::TestValueOptions::test_venv_dir PASSED        [ 46%]
tests/test_cli_options.py::TestValueOptions::test_venv_dir_short PASSED  [ 47%]
tests/test_cli_options.py::TestValueOptions::test_conflict_strategy PASSED [ 48%]
tests/test_cli_options.py::TestValueOptions::test_conda_env_maps_to_venv PASSED [ 48%]
tests/test_cli_options.py::TestValueOptions::test_conda_env_short_maps_to_venv PASSED [ 49%]
tests/test_cli_options.py::TestValueOptions::test_remove_conda_env_maps_to_remove_venv PASSED [ 50%]
tests/test_cli_options.py::TestValueOptions::test_modified_after PASSED  [ 51%]
tests/test_cli_options.py::TestAllFormatsFlag::test_all_enables_markdown PASSED [ 51%]
tests/test_cli_options.py::TestAllFormatsFlag::test_all_enables_pdf PASSED [ 52%]
tests/test_cli_options.py::TestAllFormatsFlag::test_all_enables_word PASSED [ 53%]
tests/test_cli_options.py::TestAllFormatsFlag::test_all_enables_images PASSED [ 54%]
tests/test_cli_options.py::TestCombinedOptions::test_markdown_and_pdf PASSED [ 54%]
tests/test_cli_options.py::TestCombinedOptions::test_filter_with_limit PASSED [ 55%]
tests/test_cli_options.py::TestCombinedOptions::test_boolean_flag_followed_by_another_flag PASSED [ 56%]
tests/test_consolidate_export.py::test_consolidates_note_files_and_metadata PASSED [ 57%]
tests/test_embed_images.py::TestEmbedImagesAsBase64::test_leaves_data_uris_unchanged PASSED [ 58%]
tests/test_embed_images.py::TestEmbedImagesAsBase64::test_embeds_local_image PASSED [ 58%]
tests/test_embed_images.py::TestEmbedImagesAsBase64::test_handles_relative_path_with_dot_slash PASSED [ 59%]
tests/test_embed_images.py::TestEmbedImagesAsBase64::test_handles_missing_image_gracefully PASSED [ 60%]
tests/test_embed_images.py::TestEmbedImagesAsBase64::test_handles_attachments_subdirectory PASSED [ 61%]
tests/test_embed_images.py::TestEmbedImagesAsBase64::test_preserves_non_img_html PASSED [ 61%]
tests/test_embed_images.py::TestEmbedImagesAsBase64::test_multiple_images PASSED [ 62%]
tests/test_embed_images.py::TestShouldSkipExisting::test_skips_when_enabled_and_exists PASSED [ 63%]
tests/test_embed_images.py::TestShouldSkipExisting::test_does_not_skip_when_disabled PASSED [ 64%]
tests/test_embed_images.py::TestShouldSkipExisting::test_does_not_skip_nonexistent PASSED [ 64%]
tests/test_embed_images.py::TestWrapHtml::test_wraps_with_doctype_and_title PASSED [ 65%]
tests/test_embed_images.py::TestWrapHtml::test_title_escaping PASSED     [ 66%]
tests/test_extract_pdf_attachments.py::test_extracts_pdf_and_adds_markdown_links PASSED [ 67%]
tests/test_extract_pdf_attachments.py::test_managed_block_is_replaced_not_duplicated PASSED [ 67%]
tests/test_extract_pdf_attachments.py::test_note_folder_mode_places_pdf_beside_markdown PASSED [ 68%]
tests/test_extract_pdf_attachments.py::test_extracts_paper_doc_pdf_fallback PASSED [ 69%]
tests/test_integration.py::TestExportFeaturesIntegration::test_help_output PASSED [ 70%]
tests/test_integration.py::TestExportFeaturesIntegration::test_reconcile_help PASSED [ 70%]
tests/test_integration.py::TestExportFeaturesIntegration::test_qdrant_help PASSED [ 71%]
tests/test_integration.py::TestExportFeaturesIntegration::test_sync_help PASSED [ 72%]
tests/test_notes_export_utils.py::TestNotesExportTracker::test_init_with_root_directory PASSED [ 73%]
tests/test_notes_export_utils.py::TestNotesExportTracker::test_uses_subdirs_true PASSED [ 74%]
tests/test_notes_export_utils.py::TestNotesExportTracker::test_uses_subdirs_false PASSED [ 74%]
tests/test_notes_export_utils.py::TestNotesExportTracker::test_uses_subdirs_default PASSED [ 75%]
tests/test_notes_export_utils.py::TestNotesExportTracker::test_get_output_path_with_subdirs PASSED [ 76%]
tests/test_notes_export_utils.py::TestNotesExportTracker::test_get_output_path_without_subdirs PASSED [ 77%]
tests/test_notes_export_utils.py::TestNotesExportTracker::test_get_markdown_output_path_with_note_folders PASSED [ 77%]
tests/test_notes_export_utils.py::TestNotesExportTracker::test_get_output_path_creates_dirs PASSED [ 78%]
tests/test_notes_export_utils.py::TestNotesExportTracker::test_load_notebook_data PASSED [ 79%]
tests/test_notes_export_utils.py::TestNotesExportTracker::test_load_notebook_data_missing_file PASSED [ 80%]
tests/test_notes_export_utils.py::TestNotesExportTracker::test_load_notebook_data_invalid_json PASSED [ 80%]
tests/test_notes_export_utils.py::TestNotesExportTracker::test_save_notebook_data PASSED [ 81%]
tests/test_notes_export_utils.py::TestNotesExportTracker::test_get_all_data_files PASSED [ 82%]
tests/test_notes_export_utils.py::TestNotesExportTracker::test_notebook_name_from_nested_data_file PASSED [ 83%]
tests/test_notes_export_utils.py::TestNotesExportTracker::test_get_all_data_files_no_dir PASSED [ 83%]
tests/test_notes_export_utils.py::TestNotesExportTracker::test_get_notes_to_process_skips_deleted PASSED [ 84%]
tests/test_notes_export_utils.py::TestNotesExportTracker::test_mark_note_exported PASSED [ 85%]
tests/test_notes_export_utils.py::TestNotesExportTracker::test_copy_attachments_into_note_folder PASSED [ 86%]
tests/test_notes_export_utils.py::TestGetOutputPathFormats::test_markdown_path PASSED [ 87%]
tests/test_notes_export_utils.py::TestGetOutputPathFormats::test_pdf_path PASSED [ 87%]
tests/test_notes_export_utils.py::TestGetOutputPathFormats::test_word_path PASSED [ 88%]
tests/test_notes_export_utils.py::TestGetOutputPathFormats::test_html_path PASSED [ 89%]
tests/test_set_file_dates.py::TestParseAppleDate::test_12_hour_format PASSED [ 90%]
tests/test_set_file_dates.py::TestParseAppleDate::test_12_hour_format_am PASSED [ 90%]
tests/test_set_file_dates.py::TestParseAppleDate::test_non_breaking_space PASSED [ 91%]
tests/test_set_file_dates.py::TestParseAppleDate::test_invalid_date_returns_none PASSED [ 92%]
tests/test_set_file_dates.py::TestParseAppleDate::test_empty_string_returns_none PASSED [ 93%]
tests/test_set_file_dates.py::TestProcessNotebookData::test_processes_active_notes PASSED [ 93%]
tests/test_set_file_dates.py::TestProcessNotebookData::test_skips_deleted_notes PASSED [ 94%]
tests/test_set_file_dates.py::TestProcessNotebookData::test_skips_missing_dates PASSED [ 95%]
tests/test_set_file_dates.py::TestProcessNotebookData::test_handles_missing_data_file PASSED [ 96%]
tests/test_set_file_dates.py::TestProcessNotebookData::test_without_subdirs PASSED [ 96%]
tests/test_tracker.py::test_uses_subdirs_true PASSED                     [ 97%]
tests/test_tracker.py::test_uses_subdirs_false PASSED                    [ 98%]
tests/test_tracker.py::test_get_output_path_with_subdirs PASSED          [ 99%]
tests/test_tracker.py::test_get_output_path_without_subdirs PASSED       [100%]

===================== 131 passed, 144 deselected in 0.68s ======================
